Vivado Simulator v2024.1
Copyright 1986-2022 Xilinx, Inc. All Rights Reserved.
Copyright 2022-2024 Advanced Micro Devices, Inc. All Rights Reserved.
Running: C:/Xilinx/Vivado/2024.1/bin/unwrapped/win64.o/xelab.exe --incr --debug typical --relax --mt 2 -L xil_defaultlib -L secureip --snapshot tb_test_mux_cores_behav xil_defaultlib.tb_test_mux_cores -log elaborate.log 
Using 2 slave threads.
Starting static elaboration
WARNING: [VRFC 10-8856] comparison between unequal length arrays always returns FALSE; left argument length 66 is different from right argument length 74 for 'std_logic_vector_93' array [C:/Facultate/An 3/Semestrul 1/SSC/Lab/Proiect/implementare/fullProject/fullProject.srcs/sources_1/imports/compVhd/Mem.vhd:52]
WARNING: [VRFC 10-8856] comparison between unequal length arrays always returns FALSE; left argument length 66 is different from right argument length 74 for 'std_logic_vector_93' array [C:/Facultate/An 3/Semestrul 1/SSC/Lab/Proiect/implementare/fullProject/fullProject.srcs/sources_1/new/Mem2.vhd:52]
Completed static elaboration
Starting simulation data flow analysis
Completed simulation data flow analysis
Time Resolution for simulation is 1ps
Compiling package std.standard
Compiling package std.textio
Compiling package ieee.std_logic_1164
Compiling package ieee.std_logic_arith
Compiling package ieee.std_logic_unsigned
Compiling package ieee.numeric_std
Compiling architecture behavioral of entity xil_defaultlib.RomInstructions0 [rominstructions0_default]
Compiling architecture behavioral of entity xil_defaultlib.IFetch0 [ifetch0_default]
Compiling architecture behavioral of entity xil_defaultlib.ID [id_default]
Compiling architecture behavioral of entity xil_defaultlib.Execution [execution_default]
Compiling architecture behavioral of entity xil_defaultlib.Mem0 [mem0_default]
Compiling architecture behavioral of entity xil_defaultlib.UC [uc_default]
Compiling architecture behavioral of entity xil_defaultlib.Core0 [core0_default]
Compiling architecture behavioral of entity xil_defaultlib.RomInstructions1 [rominstructions1_default]
Compiling architecture behavioral of entity xil_defaultlib.IFetch1 [ifetch1_default]
Compiling architecture behavioral of entity xil_defaultlib.Mem1 [mem1_default]
Compiling architecture behavioral of entity xil_defaultlib.Core1 [core1_default]
Compiling architecture behavioral of entity xil_defaultlib.mux_selector [mux_selector_default]
Compiling architecture behavioral of entity xil_defaultlib.fifo_component_2ids [fifo_component_2ids_default]
Compiling architecture behavioral of entity xil_defaultlib.decoder_5to32 [decoder_5to32_default]
Compiling architecture behavioral of entity xil_defaultlib.fifo_connectCores [fifo_connectcores_default]
Compiling architecture behavioral of entity xil_defaultlib.test_fifo_mux_cores [test_fifo_mux_cores_default]
Compiling architecture behavioral of entity xil_defaultlib.tb_test_mux_cores
Built simulation snapshot tb_test_mux_cores_behav
